
### %INC: {
###         'Acme/Teddy.pm' => '/home/xiong/perl5/perlbrew/perls/perl-5.16.2/lib/site_perl/5.16.2/Acme/Teddy.pm',
###         'Carp.pm' => '/home/xiong/perl5/perlbrew/perls/perl-5.16.2/lib/5.16.2/Carp.pm',
###         'Class/Lite.pm' => '/home/xiong/projects/class-lite/lib/Class/Lite.pm',
###         'Config.pm' => '/home/xiong/perl5/perlbrew/perls/perl-5.16.2/lib/5.16.2/x86_64-linux/Config.pm',
###         'Data/Dumper.pm' => '/home/xiong/perl5/perlbrew/perls/perl-5.16.2/lib/5.16.2/x86_64-linux/Data/Dumper.pm',
###         'Devel/Comments.pm' => '/home/xiong/perl5/perlbrew/perls/perl-5.16.2/lib/site_perl/5.16.2/Devel/Comments.pm',
###         'DynaLoader.pm' => '/home/xiong/perl5/perlbrew/perls/perl-5.16.2/lib/5.16.2/x86_64-linux/DynaLoader.pm',
###         'Exporter.pm' => '/home/xiong/perl5/perlbrew/perls/perl-5.16.2/lib/site_perl/5.16.2/Exporter.pm',
###         'Exporter/Heavy.pm' => '/home/xiong/perl5/perlbrew/perls/perl-5.16.2/lib/site_perl/5.16.2/Exporter/Heavy.pm',
###         'Filter/Simple.pm' => '/home/xiong/perl5/perlbrew/perls/perl-5.16.2/lib/5.16.2/Filter/Simple.pm',
###         'Filter/Util/Call.pm' => '/home/xiong/perl5/perlbrew/perls/perl-5.16.2/lib/5.16.2/x86_64-linux/Filter/Util/Call.pm',
###         'IO.pm' => '/home/xiong/perl5/perlbrew/perls/perl-5.16.2/lib/5.16.2/x86_64-linux/IO.pm',
###         'IO/Handle.pm' => '/home/xiong/perl5/perlbrew/perls/perl-5.16.2/lib/5.16.2/x86_64-linux/IO/Handle.pm',
###         'List/Util.pm' => '/home/xiong/perl5/perlbrew/perls/perl-5.16.2/lib/site_perl/5.16.2/x86_64-linux/List/Util.pm',
###         'PerlIO.pm' => '/home/xiong/perl5/perlbrew/perls/perl-5.16.2/lib/5.16.2/PerlIO.pm',
###         'Scalar/Util.pm' => '/home/xiong/perl5/perlbrew/perls/perl-5.16.2/lib/site_perl/5.16.2/x86_64-linux/Scalar/Util.pm',
###         'SelectSaver.pm' => '/home/xiong/perl5/perlbrew/perls/perl-5.16.2/lib/5.16.2/SelectSaver.pm',
###         'SelfLoader.pm' => '/home/xiong/perl5/perlbrew/perls/perl-5.16.2/lib/5.16.2/SelfLoader.pm',
###         'Symbol.pm' => '/home/xiong/perl5/perlbrew/perls/perl-5.16.2/lib/5.16.2/Symbol.pm',
###         'Test/Builder.pm' => '/home/xiong/perl5/perlbrew/perls/perl-5.16.2/lib/5.16.2/Test/Builder.pm',
###         'Test/Builder/Module.pm' => '/home/xiong/perl5/perlbrew/perls/perl-5.16.2/lib/5.16.2/Test/Builder/Module.pm',
###         'Test/More.pm' => '/home/xiong/perl5/perlbrew/perls/perl-5.16.2/lib/5.16.2/Test/More.pm',
###         'Text/Balanced.pm' => '/home/xiong/perl5/perlbrew/perls/perl-5.16.2/lib/5.16.2/Text/Balanced.pm',
###         'XSLoader.pm' => '/home/xiong/perl5/perlbrew/perls/perl-5.16.2/lib/5.16.2/XSLoader.pm',
###         'bytes.pm' => '/home/xiong/perl5/perlbrew/perls/perl-5.16.2/lib/5.16.2/bytes.pm',
###         'constant.pm' => '/home/xiong/perl5/perlbrew/perls/perl-5.16.2/lib/5.16.2/constant.pm',
###         'mro.pm' => '/home/xiong/perl5/perlbrew/perls/perl-5.16.2/lib/5.16.2/x86_64-linux/mro.pm',
###         'overload.pm' => '/home/xiong/perl5/perlbrew/perls/perl-5.16.2/lib/5.16.2/overload.pm',
###         'overloading.pm' => '/home/xiong/perl5/perlbrew/perls/perl-5.16.2/lib/5.16.2/overloading.pm',
###         'strict.pm' => '/home/xiong/perl5/perlbrew/perls/perl-5.16.2/lib/5.16.2/strict.pm',
###         'unicore/Heavy.pl' => '/home/xiong/perl5/perlbrew/perls/perl-5.16.2/lib/5.16.2/unicore/Heavy.pl',
###         'unicore/lib/Perl/_PerlIDS.pl' => '/home/xiong/perl5/perlbrew/perls/perl-5.16.2/lib/5.16.2/unicore/lib/Perl/_PerlIDS.pl',
###         'utf8.pm' => '/home/xiong/perl5/perlbrew/perls/perl-5.16.2/lib/5.16.2/utf8.pm',
###         'utf8_heavy.pl' => '/home/xiong/perl5/perlbrew/perls/perl-5.16.2/lib/5.16.2/utf8_heavy.pl',
###         'vars.pm' => '/home/xiong/perl5/perlbrew/perls/perl-5.16.2/lib/5.16.2/vars.pm',
###         'version.pm' => '/home/xiong/perl5/perlbrew/perls/perl-5.16.2/lib/site_perl/5.16.2/x86_64-linux/version.pm',
###         'version/vxs.pm' => '/home/xiong/perl5/perlbrew/perls/perl-5.16.2/lib/site_perl/5.16.2/x86_64-linux/version/vxs.pm',
###         'warnings.pm' => '/home/xiong/perl5/perlbrew/perls/perl-5.16.2/lib/5.16.2/warnings.pm',
###         'warnings/register.pm' => '/home/xiong/perl5/perlbrew/perls/perl-5.16.2/lib/5.16.2/warnings/register.pm'
###       }
